{
  "RSpec": {
    "coverage": {
      "/Users/Elaine/Projects/Bank-Tech-Test/spec/bank_spec.rb": [
        1,
        null,
        1,
        null,
        1,
        1,
        null,
        null,
        1,
        1,
        1,
        1,
        null,
        null,
        1,
        2,
        1,
        4,
        null,
        null,
        1,
        1,
        1,
        null,
        null,
        1,
        2,
        null,
        null,
        1,
        2,
        null,
        null,
        1,
        2,
        null,
        null,
        null,
        1,
        2,
        1,
        1,
        4,
        null,
        null,
        1,
        2,
        null,
        null,
        1,
        1,
        1,
        1,
        null,
        null,
        1,
        1,
        2,
        null,
        null,
        1,
        2,
        null,
        null,
        1,
        1,
        2,
        null,
        null,
        null
      ],
      "/Users/Elaine/Projects/Bank-Tech-Test/lib/bank.rb": [
        1,
        1,
        1,
        1,
        null,
        1,
        1,
        null,
        1,
        null,
        1,
        15,
        15,
        15,
        15,
        null,
        null,
        1,
        10,
        9,
        7,
        7,
        7,
        null,
        null,
        1,
        7,
        6,
        4,
        3,
        3,
        3,
        null,
        null,
        1,
        1,
        null,
        null,
        1,
        1,
        null,
        null,
        1,
        0,
        null,
        null
      ],
      "/Users/Elaine/Projects/Bank-Tech-Test/lib/deposits.rb": [
        1,
        null,
        1,
        null,
        1,
        17,
        null,
        null
      ],
      "/Users/Elaine/Projects/Bank-Tech-Test/lib/withdraw.rb": [
        1,
        null,
        1,
        null,
        1,
        17,
        null,
        null
      ],
      "/Users/Elaine/Projects/Bank-Tech-Test/lib/table.rb": [
        1,
        null,
        1,
        null,
        1,
        15,
        null,
        null,
        1,
        0,
        0,
        null,
        null
      ],
      "/Users/Elaine/Projects/Bank-Tech-Test/spec/deposits_spec.rb": [
        1,
        1,
        null,
        1,
        null,
        1,
        1,
        1,
        null,
        null,
        1,
        1,
        1,
        1,
        null,
        null
      ],
      "/Users/Elaine/Projects/Bank-Tech-Test/spec/withdraw_spec.rb": [
        1,
        1,
        null,
        1,
        null,
        1,
        1,
        1,
        null,
        null,
        1,
        1,
        1,
        1,
        null,
        null
      ]
    },
    "timestamp": 1541597424
  }
}
